<?xml version="1.0" encoding="UTF-8"?>
<!-- Generated by org.testng.reporters.JUnitReportReporter -->
<testsuite hostname="G1C2ML14105" name="com.automation.links.AccessTables" tests="1" failures="0" timestamp="10 Apr 2017 06:50:24 GMT" time="4.463" errors="0">
  <testcase name="tables" time="4.463" classname="com.automation.links.AccessTables"/>
</testsuite> <!-- com.automation.links.AccessTables -->
