<?xml version="1.0" encoding="UTF-8"?>
<!-- Generated by org.testng.reporters.JUnitReportReporter -->
<testsuite hostname="G1C2ML14105" name="com.test.tools.Testtool" tests="1" failures="0" timestamp="9 Apr 2017 12:18:58 GMT" time="71.801" errors="0">
  <testcase name="f" time="71.801" classname="com.test.tools.Testtool"/>
</testsuite> <!-- com.test.tools.Testtool -->
