<?xml version="1.0" encoding="UTF-8"?>
<!-- Generated by org.testng.reporters.JUnitReportReporter -->
<testsuite hostname="G1C2ML14105" name="com.automation.links.Basicdemosite" tests="1" failures="0" timestamp="9 Apr 2017 18:14:09 GMT" time="107.291" errors="0">
  <testcase name="f" time="107.291" classname="com.automation.links.Basicdemosite"/>
</testsuite> <!-- com.automation.links.Basicdemosite -->
